<?xml version="1.0" encoding="UTF-8"?>
<!-- Generated by org.testng.reporters.JUnitReportReporter -->
<testsuite hostname="Santosh" failures="0" tests="1" name="cucumberOptions.TestNGTestRunner" time="50.458" errors="0" timestamp="2025-06-02T20:03:45 IST" skipped="0">
  <testcase classname="cucumberOptions.TestNGTestRunner" name="runScenario" time="50.458"/>
</testsuite> <!-- cucumberOptions.TestNGTestRunner -->
